c:\users\user\onedrive\desktop\ds project final\dsproject\dsproject\x64\debug\vc143.pdb
c:\users\user\onedrive\desktop\ds project final\dsproject\dsproject\x64\debug\vc143.idb
c:\users\user\onedrive\desktop\ds project final\dsproject\dsproject\x64\debug\subscription.obj
c:\users\user\onedrive\desktop\ds project final\dsproject\dsproject\x64\debug\staff.obj
c:\users\user\onedrive\desktop\ds project final\dsproject\dsproject\x64\debug\padel.obj
c:\users\user\onedrive\desktop\ds project final\dsproject\dsproject\x64\debug\member.obj
c:\users\user\onedrive\desktop\ds project final\dsproject\dsproject\x64\debug\main.obj
c:\users\user\onedrive\desktop\ds project final\dsproject\dsproject\x64\debug\filehandler.obj
c:\users\user\onedrive\desktop\ds project final\dsproject\dsproject\x64\debug\classes.obj
c:\users\user\onedrive\desktop\ds project final\dsproject\x64\debug\dsproject.exe
c:\users\user\onedrive\desktop\ds project final\dsproject\x64\debug\dsproject.pdb
c:\users\user\onedrive\desktop\ds project final\dsproject\dsproject\x64\debug\dsproject.ilk
c:\users\user\onedrive\desktop\ds project final\dsproject\dsproject\x64\debug\dsproject.tlog\cl.command.1.tlog
c:\users\user\onedrive\desktop\ds project final\dsproject\dsproject\x64\debug\dsproject.tlog\cl.items.tlog
c:\users\user\onedrive\desktop\ds project final\dsproject\dsproject\x64\debug\dsproject.tlog\cl.read.1.tlog
c:\users\user\onedrive\desktop\ds project final\dsproject\dsproject\x64\debug\dsproject.tlog\cl.write.1.tlog
c:\users\user\onedrive\desktop\ds project final\dsproject\dsproject\x64\debug\dsproject.tlog\link.command.1.tlog
c:\users\user\onedrive\desktop\ds project final\dsproject\dsproject\x64\debug\dsproject.tlog\link.read.1.tlog
c:\users\user\onedrive\desktop\ds project final\dsproject\dsproject\x64\debug\dsproject.tlog\link.secondary.1.tlog
c:\users\user\onedrive\desktop\ds project final\dsproject\dsproject\x64\debug\dsproject.tlog\link.write.1.tlog
